have_header: checking for ruby/thread.h... -------------------- no

"/usr/local/bin/gcc-4.2 -o conftest -I/Users/alexandre/.rbenv/versions/1.9.3-p327/include/ruby-1.9.1/x86_64-darwin12.2.0 -I/Users/alexandre/.rbenv/versions/1.9.3-p327/include/ruby-1.9.1/ruby/backward -I/Users/alexandre/.rbenv/versions/1.9.3-p327/include/ruby-1.9.1 -I. -I'/Users/alexandre/.rbenv/versions/1.9.3-p327/include'  -D_XOPEN_SOURCE -D_DARWIN_C_SOURCE  -I'/Users/alexandre/.rbenv/versions/1.9.3-p327/include'   -O3 -ggdb -Wall -Wextra -Wno-unused-parameter -Wno-parentheses -Wno-long-long -Wno-missing-field-initializers -Wpointer-arith -Wwrite-strings -Wdeclaration-after-statement -Wshorten-64-to-32 -Wimplicit-function-declaration  -pipe conftest.c  -L. -L/Users/alexandre/.rbenv/versions/1.9.3-p327/lib -L. -L'/Users/alexandre/.rbenv/versions/1.9.3-p327/lib'      -lruby-static  -lpthread -ldl -lobjc "
checked program was:
/* begin */
1: #include "ruby.h"
2: 
3: int main() {return 0;}
/* end */

"/usr/local/bin/gcc-4.2 -E -I/Users/alexandre/.rbenv/versions/1.9.3-p327/include/ruby-1.9.1/x86_64-darwin12.2.0 -I/Users/alexandre/.rbenv/versions/1.9.3-p327/include/ruby-1.9.1/ruby/backward -I/Users/alexandre/.rbenv/versions/1.9.3-p327/include/ruby-1.9.1 -I. -I'/Users/alexandre/.rbenv/versions/1.9.3-p327/include'  -D_XOPEN_SOURCE -D_DARWIN_C_SOURCE  -I'/Users/alexandre/.rbenv/versions/1.9.3-p327/include'   -O3 -ggdb -Wall -Wextra -Wno-unused-parameter -Wno-parentheses -Wno-long-long -Wno-missing-field-initializers -Wpointer-arith -Wwrite-strings -Wdeclaration-after-statement -Wshorten-64-to-32 -Wimplicit-function-declaration  -pipe  conftest.c -o conftest.i"
conftest.c:3:25: error: ruby/thread.h: No such file or directory
checked program was:
/* begin */
1: #include "ruby.h"
2: 
3: #include <ruby/thread.h>
/* end */

--------------------

have_func: checking for rb_thread_blocking_region()... -------------------- yes

"/usr/local/bin/gcc-4.2 -o conftest -I/Users/alexandre/.rbenv/versions/1.9.3-p327/include/ruby-1.9.1/x86_64-darwin12.2.0 -I/Users/alexandre/.rbenv/versions/1.9.3-p327/include/ruby-1.9.1/ruby/backward -I/Users/alexandre/.rbenv/versions/1.9.3-p327/include/ruby-1.9.1 -I. -I'/Users/alexandre/.rbenv/versions/1.9.3-p327/include'  -D_XOPEN_SOURCE -D_DARWIN_C_SOURCE  -I'/Users/alexandre/.rbenv/versions/1.9.3-p327/include'   -O3 -ggdb -Wall -Wextra -Wno-unused-parameter -Wno-parentheses -Wno-long-long -Wno-missing-field-initializers -Wpointer-arith -Wwrite-strings -Wdeclaration-after-statement -Wshorten-64-to-32 -Wimplicit-function-declaration  -pipe conftest.c  -L. -L/Users/alexandre/.rbenv/versions/1.9.3-p327/lib -L. -L'/Users/alexandre/.rbenv/versions/1.9.3-p327/lib'      -lruby-static  -lpthread -ldl -lobjc "
checked program was:
/* begin */
1: #include "ruby.h"
2: 
3: /*top*/
4: int main() {return 0;}
5: int t() { void ((*volatile p)()); p = (void ((*)()))rb_thread_blocking_region; return 0; }
/* end */

--------------------

have_func: checking for rb_wait_for_single_fd()... -------------------- yes

"/usr/local/bin/gcc-4.2 -o conftest -I/Users/alexandre/.rbenv/versions/1.9.3-p327/include/ruby-1.9.1/x86_64-darwin12.2.0 -I/Users/alexandre/.rbenv/versions/1.9.3-p327/include/ruby-1.9.1/ruby/backward -I/Users/alexandre/.rbenv/versions/1.9.3-p327/include/ruby-1.9.1 -I. -I'/Users/alexandre/.rbenv/versions/1.9.3-p327/include'  -D_XOPEN_SOURCE -D_DARWIN_C_SOURCE  -I'/Users/alexandre/.rbenv/versions/1.9.3-p327/include'   -O3 -ggdb -Wall -Wextra -Wno-unused-parameter -Wno-parentheses -Wno-long-long -Wno-missing-field-initializers -Wpointer-arith -Wwrite-strings -Wdeclaration-after-statement -Wshorten-64-to-32 -Wimplicit-function-declaration  -pipe conftest.c  -L. -L/Users/alexandre/.rbenv/versions/1.9.3-p327/lib -L. -L'/Users/alexandre/.rbenv/versions/1.9.3-p327/lib'      -lruby-static  -lpthread -ldl -lobjc "
conftest.c: In function ‘t’:
conftest.c:5: error: ‘rb_wait_for_single_fd’ undeclared (first use in this function)
conftest.c:5: error: (Each undeclared identifier is reported only once
conftest.c:5: error: for each function it appears in.)
checked program was:
/* begin */
1: #include "ruby.h"
2: 
3: /*top*/
4: int main() {return 0;}
5: int t() { void ((*volatile p)()); p = (void ((*)()))rb_wait_for_single_fd; return 0; }
/* end */

"/usr/local/bin/gcc-4.2 -o conftest -I/Users/alexandre/.rbenv/versions/1.9.3-p327/include/ruby-1.9.1/x86_64-darwin12.2.0 -I/Users/alexandre/.rbenv/versions/1.9.3-p327/include/ruby-1.9.1/ruby/backward -I/Users/alexandre/.rbenv/versions/1.9.3-p327/include/ruby-1.9.1 -I. -I'/Users/alexandre/.rbenv/versions/1.9.3-p327/include'  -D_XOPEN_SOURCE -D_DARWIN_C_SOURCE  -I'/Users/alexandre/.rbenv/versions/1.9.3-p327/include'   -O3 -ggdb -Wall -Wextra -Wno-unused-parameter -Wno-parentheses -Wno-long-long -Wno-missing-field-initializers -Wpointer-arith -Wwrite-strings -Wdeclaration-after-statement -Wshorten-64-to-32 -Wimplicit-function-declaration  -pipe conftest.c  -L. -L/Users/alexandre/.rbenv/versions/1.9.3-p327/lib -L. -L'/Users/alexandre/.rbenv/versions/1.9.3-p327/lib'      -lruby-static  -lpthread -ldl -lobjc "
conftest.c: In function ‘t’:
conftest.c:5: warning: implicit declaration of function ‘rb_wait_for_single_fd’
checked program was:
/* begin */
1: #include "ruby.h"
2: 
3: /*top*/
4: int main() {return 0;}
5: int t() { rb_wait_for_single_fd(); return 0; }
/* end */

--------------------

have_func: checking for rb_hash_dup()... -------------------- yes

"/usr/local/bin/gcc-4.2 -o conftest -I/Users/alexandre/.rbenv/versions/1.9.3-p327/include/ruby-1.9.1/x86_64-darwin12.2.0 -I/Users/alexandre/.rbenv/versions/1.9.3-p327/include/ruby-1.9.1/ruby/backward -I/Users/alexandre/.rbenv/versions/1.9.3-p327/include/ruby-1.9.1 -I. -I'/Users/alexandre/.rbenv/versions/1.9.3-p327/include'  -D_XOPEN_SOURCE -D_DARWIN_C_SOURCE  -I'/Users/alexandre/.rbenv/versions/1.9.3-p327/include'   -O3 -ggdb -Wall -Wextra -Wno-unused-parameter -Wno-parentheses -Wno-long-long -Wno-missing-field-initializers -Wpointer-arith -Wwrite-strings -Wdeclaration-after-statement -Wshorten-64-to-32 -Wimplicit-function-declaration  -pipe conftest.c  -L. -L/Users/alexandre/.rbenv/versions/1.9.3-p327/lib -L. -L'/Users/alexandre/.rbenv/versions/1.9.3-p327/lib'      -lruby-static  -lpthread -ldl -lobjc "
checked program was:
/* begin */
1: #include "ruby.h"
2: 
3: /*top*/
4: int main() {return 0;}
5: int t() { void ((*volatile p)()); p = (void ((*)()))rb_hash_dup; return 0; }
/* end */

--------------------

have_func: checking for rb_intern3()... -------------------- yes

"/usr/local/bin/gcc-4.2 -o conftest -I/Users/alexandre/.rbenv/versions/1.9.3-p327/include/ruby-1.9.1/x86_64-darwin12.2.0 -I/Users/alexandre/.rbenv/versions/1.9.3-p327/include/ruby-1.9.1/ruby/backward -I/Users/alexandre/.rbenv/versions/1.9.3-p327/include/ruby-1.9.1 -I. -I'/Users/alexandre/.rbenv/versions/1.9.3-p327/include'  -D_XOPEN_SOURCE -D_DARWIN_C_SOURCE  -I'/Users/alexandre/.rbenv/versions/1.9.3-p327/include'   -O3 -ggdb -Wall -Wextra -Wno-unused-parameter -Wno-parentheses -Wno-long-long -Wno-missing-field-initializers -Wpointer-arith -Wwrite-strings -Wdeclaration-after-statement -Wshorten-64-to-32 -Wimplicit-function-declaration  -pipe conftest.c  -L. -L/Users/alexandre/.rbenv/versions/1.9.3-p327/lib -L. -L'/Users/alexandre/.rbenv/versions/1.9.3-p327/lib'      -lruby-static  -lpthread -ldl -lobjc "
conftest.c: In function ‘t’:
conftest.c:5: error: ‘rb_intern3’ undeclared (first use in this function)
conftest.c:5: error: (Each undeclared identifier is reported only once
conftest.c:5: error: for each function it appears in.)
checked program was:
/* begin */
1: #include "ruby.h"
2: 
3: /*top*/
4: int main() {return 0;}
5: int t() { void ((*volatile p)()); p = (void ((*)()))rb_intern3; return 0; }
/* end */

"/usr/local/bin/gcc-4.2 -o conftest -I/Users/alexandre/.rbenv/versions/1.9.3-p327/include/ruby-1.9.1/x86_64-darwin12.2.0 -I/Users/alexandre/.rbenv/versions/1.9.3-p327/include/ruby-1.9.1/ruby/backward -I/Users/alexandre/.rbenv/versions/1.9.3-p327/include/ruby-1.9.1 -I. -I'/Users/alexandre/.rbenv/versions/1.9.3-p327/include'  -D_XOPEN_SOURCE -D_DARWIN_C_SOURCE  -I'/Users/alexandre/.rbenv/versions/1.9.3-p327/include'   -O3 -ggdb -Wall -Wextra -Wno-unused-parameter -Wno-parentheses -Wno-long-long -Wno-missing-field-initializers -Wpointer-arith -Wwrite-strings -Wdeclaration-after-statement -Wshorten-64-to-32 -Wimplicit-function-declaration  -pipe conftest.c  -L. -L/Users/alexandre/.rbenv/versions/1.9.3-p327/lib -L. -L'/Users/alexandre/.rbenv/versions/1.9.3-p327/lib'      -lruby-static  -lpthread -ldl -lobjc "
conftest.c: In function ‘t’:
conftest.c:5: warning: implicit declaration of function ‘rb_intern3’
checked program was:
/* begin */
1: #include "ruby.h"
2: 
3: /*top*/
4: int main() {return 0;}
5: int t() { rb_intern3(); return 0; }
/* end */

--------------------

have_header: checking for mysql.h... -------------------- yes

"/usr/local/bin/gcc-4.2 -E -I/Users/alexandre/.rbenv/versions/1.9.3-p327/include/ruby-1.9.1/x86_64-darwin12.2.0 -I/Users/alexandre/.rbenv/versions/1.9.3-p327/include/ruby-1.9.1/ruby/backward -I/Users/alexandre/.rbenv/versions/1.9.3-p327/include/ruby-1.9.1 -I. -I/usr/local/Cellar/mysql/5.5.25a/include -I'/Users/alexandre/.rbenv/versions/1.9.3-p327/include'  -D_XOPEN_SOURCE -D_DARWIN_C_SOURCE  -I'/Users/alexandre/.rbenv/versions/1.9.3-p327/include'   -O3 -ggdb -Wall -Wextra -Wno-unused-parameter -Wno-parentheses -Wno-long-long -Wno-missing-field-initializers -Wpointer-arith -Wwrite-strings -Wdeclaration-after-statement -Wshorten-64-to-32 -Wimplicit-function-declaration  -pipe  conftest.c -o conftest.i"
checked program was:
/* begin */
1: #include "ruby.h"
2: 
3: #include <mysql.h>
/* end */

--------------------

have_header: checking for errmsg.h... -------------------- yes

"/usr/local/bin/gcc-4.2 -E -I/Users/alexandre/.rbenv/versions/1.9.3-p327/include/ruby-1.9.1/x86_64-darwin12.2.0 -I/Users/alexandre/.rbenv/versions/1.9.3-p327/include/ruby-1.9.1/ruby/backward -I/Users/alexandre/.rbenv/versions/1.9.3-p327/include/ruby-1.9.1 -I. -I/usr/local/Cellar/mysql/5.5.25a/include -I'/Users/alexandre/.rbenv/versions/1.9.3-p327/include'  -D_XOPEN_SOURCE -D_DARWIN_C_SOURCE  -I'/Users/alexandre/.rbenv/versions/1.9.3-p327/include'   -O3 -ggdb -Wall -Wextra -Wno-unused-parameter -Wno-parentheses -Wno-long-long -Wno-missing-field-initializers -Wpointer-arith -Wwrite-strings -Wdeclaration-after-statement -Wshorten-64-to-32 -Wimplicit-function-declaration  -pipe  conftest.c -o conftest.i"
checked program was:
/* begin */
1: #include "ruby.h"
2: 
3: #include <errmsg.h>
/* end */

--------------------

have_header: checking for mysqld_error.h... -------------------- yes

"/usr/local/bin/gcc-4.2 -E -I/Users/alexandre/.rbenv/versions/1.9.3-p327/include/ruby-1.9.1/x86_64-darwin12.2.0 -I/Users/alexandre/.rbenv/versions/1.9.3-p327/include/ruby-1.9.1/ruby/backward -I/Users/alexandre/.rbenv/versions/1.9.3-p327/include/ruby-1.9.1 -I. -I/usr/local/Cellar/mysql/5.5.25a/include -I'/Users/alexandre/.rbenv/versions/1.9.3-p327/include'  -D_XOPEN_SOURCE -D_DARWIN_C_SOURCE  -I'/Users/alexandre/.rbenv/versions/1.9.3-p327/include'   -O3 -ggdb -Wall -Wextra -Wno-unused-parameter -Wno-parentheses -Wno-long-long -Wno-missing-field-initializers -Wpointer-arith -Wwrite-strings -Wdeclaration-after-statement -Wshorten-64-to-32 -Wimplicit-function-declaration  -pipe  conftest.c -o conftest.i"
checked program was:
/* begin */
1: #include "ruby.h"
2: 
3: #include <mysqld_error.h>
/* end */

--------------------

"/usr/local/bin/gcc-4.2 -o conftest -I/Users/alexandre/.rbenv/versions/1.9.3-p327/include/ruby-1.9.1/x86_64-darwin12.2.0 -I/Users/alexandre/.rbenv/versions/1.9.3-p327/include/ruby-1.9.1/ruby/backward -I/Users/alexandre/.rbenv/versions/1.9.3-p327/include/ruby-1.9.1 -I. -I/usr/local/Cellar/mysql/5.5.25a/include -I'/Users/alexandre/.rbenv/versions/1.9.3-p327/include'  -D_XOPEN_SOURCE -D_DARWIN_C_SOURCE  -I'/Users/alexandre/.rbenv/versions/1.9.3-p327/include'   -O3 -ggdb -Wall -Wextra -Wno-unused-parameter -Wno-parentheses -Wno-long-long -Wno-missing-field-initializers -Wpointer-arith -Wwrite-strings -Wdeclaration-after-statement -Wshorten-64-to-32 -Wimplicit-function-declaration  -pipe conftest.c  -L. -L/Users/alexandre/.rbenv/versions/1.9.3-p327/lib -L. -L'/Users/alexandre/.rbenv/versions/1.9.3-p327/lib'     -L/usr/local/Cellar/mysql/5.5.25a/lib -lmysqlclient  -lz -lssl -lcrypto  -lruby-static  -Wall -funroll-loops -lpthread -ldl -lobjc "
checked program was:
/* begin */
1: #include "ruby.h"
2: 
3: int main() {return 0;}
/* end */

"/usr/local/bin/gcc-4.2 -o conftest -I/Users/alexandre/.rbenv/versions/1.9.3-p327/include/ruby-1.9.1/x86_64-darwin12.2.0 -I/Users/alexandre/.rbenv/versions/1.9.3-p327/include/ruby-1.9.1/ruby/backward -I/Users/alexandre/.rbenv/versions/1.9.3-p327/include/ruby-1.9.1 -I. -I/usr/local/Cellar/mysql/5.5.25a/include -I'/Users/alexandre/.rbenv/versions/1.9.3-p327/include'  -D_XOPEN_SOURCE -D_DARWIN_C_SOURCE  -I'/Users/alexandre/.rbenv/versions/1.9.3-p327/include'   -O3 -ggdb -Wall -Wextra -Wno-unused-parameter -Wno-parentheses -Wno-long-long -Wno-missing-field-initializers -Wpointer-arith -Wwrite-strings -Wdeclaration-after-statement -Wshorten-64-to-32 -Wimplicit-function-declaration  -pipe -Wall -funroll-loops conftest.c  -L. -L/Users/alexandre/.rbenv/versions/1.9.3-p327/lib -L. -L'/Users/alexandre/.rbenv/versions/1.9.3-p327/lib'     -L/usr/local/Cellar/mysql/5.5.25a/lib -lmysqlclient  -lz -lssl -lcrypto  -lruby-static  -Wl,-rpath,/usr/local/Cellar/mysql/5.5.25a/lib -lpthread -ldl -lobjc "
checked program was:
/* begin */
1: #include "ruby.h"
2: 
3: int main() {return 0;}
/* end */

